2025-08-09T09:15:58.629+05:30  INFO 6644 --- [QuizApplication_monorepo] [restartedMain] c.p.e.QuizApplicationMonorepoApplication : Starting QuizApplicationMonorepoApplication using Java 22.0.2 with PID 6644 (C:\Users\Prajwal\Downloads\Wipro-QuizApplication-Monorepo-main\Wipro-QuizApplication-Monorepo-main\target\classes started by Prajwal in C:\Users\Prajwal\Downloads\Wipro-QuizApplication-Monorepo-main\Wipro-QuizApplication-Monorepo-main)
2025-08-09T09:15:58.682+05:30  INFO 6644 --- [QuizApplication_monorepo] [restartedMain] c.p.e.QuizApplicationMonorepoApplication : No active profile set, falling back to 1 default profile: "default"
2025-08-09T09:15:58.929+05:30  INFO 6644 --- [QuizApplication_monorepo] [restartedMain] .e.DevToolsPropertyDefaultsPostProcessor : Devtools property defaults active! Set 'spring.devtools.add-properties' to 'false' to disable
2025-08-09T09:15:58.930+05:30  INFO 6644 --- [QuizApplication_monorepo] [restartedMain] .e.DevToolsPropertyDefaultsPostProcessor : For additional web related logging consider setting the 'logging.level.web' property to 'DEBUG'
2025-08-09T09:16:07.885+05:30  INFO 6644 --- [QuizApplication_monorepo] [restartedMain] .s.d.r.c.RepositoryConfigurationDelegate : Bootstrapping Spring Data JPA repositories in DEFAULT mode.
2025-08-09T09:16:08.186+05:30  INFO 6644 --- [QuizApplication_monorepo] [restartedMain] .s.d.r.c.RepositoryConfigurationDelegate : Finished Spring Data repository scanning in 255 ms. Found 2 JPA repository interfaces.
2025-08-09T09:16:13.069+05:30  INFO 6644 --- [QuizApplication_monorepo] [restartedMain] o.s.b.w.embedded.tomcat.TomcatWebServer  : Tomcat initialized with port 8080 (http)
2025-08-09T09:16:13.320+05:30  INFO 6644 --- [QuizApplication_monorepo] [restartedMain] o.apache.catalina.core.StandardService   : Starting service [Tomcat]
2025-08-09T09:16:13.321+05:30  INFO 6644 --- [QuizApplication_monorepo] [restartedMain] o.apache.catalina.core.StandardEngine    : Starting Servlet engine: [Apache Tomcat/10.1.30]
2025-08-09T09:16:13.645+05:30  INFO 6644 --- [QuizApplication_monorepo] [restartedMain] o.a.c.c.C.[Tomcat].[localhost].[/]       : Initializing Spring embedded WebApplicationContext
2025-08-09T09:16:13.646+05:30  INFO 6644 --- [QuizApplication_monorepo] [restartedMain] w.s.c.ServletWebServerApplicationContext : Root WebApplicationContext: initialization completed in 14715 ms
2025-08-09T09:16:15.701+05:30  INFO 6644 --- [QuizApplication_monorepo] [restartedMain] o.hibernate.jpa.internal.util.LogHelper  : HHH000204: Processing PersistenceUnitInfo [name: default]
2025-08-09T09:16:16.069+05:30  INFO 6644 --- [QuizApplication_monorepo] [restartedMain] org.hibernate.Version                    : HHH000412: Hibernate ORM core version 6.5.3.Final
2025-08-09T09:16:16.187+05:30  INFO 6644 --- [QuizApplication_monorepo] [restartedMain] o.h.c.internal.RegionFactoryInitiator    : HHH000026: Second-level cache disabled
2025-08-09T09:16:18.160+05:30  INFO 6644 --- [QuizApplication_monorepo] [restartedMain] o.s.o.j.p.SpringPersistenceUnitInfo      : No LoadTimeWeaver setup: ignoring JPA class transformer
2025-08-09T09:16:18.336+05:30  INFO 6644 --- [QuizApplication_monorepo] [restartedMain] com.zaxxer.hikari.HikariDataSource       : HikariPool-1 - Starting...
2025-08-09T09:16:22.835+05:30  INFO 6644 --- [QuizApplication_monorepo] [restartedMain] com.zaxxer.hikari.pool.HikariPool        : HikariPool-1 - Added connection com.mysql.cj.jdbc.ConnectionImpl@399b0e61
2025-08-09T09:16:22.848+05:30  INFO 6644 --- [QuizApplication_monorepo] [restartedMain] com.zaxxer.hikari.HikariDataSource       : HikariPool-1 - Start completed.
2025-08-09T09:16:25.803+05:30  WARN 6644 --- [QuizApplication_monorepo] [restartedMain] org.hibernate.orm.deprecation            : HHH90000025: MySQLDialect does not need to be specified explicitly using 'hibernate.dialect' (remove the property setting and it will be selected by default)
2025-08-09T09:16:29.202+05:30  INFO 6644 --- [QuizApplication_monorepo] [restartedMain] o.h.e.t.j.p.i.JtaPlatformInitiator       : HHH000489: No JTA platform available (set 'hibernate.transaction.jta.platform' to enable JTA platform integration)
2025-08-09T09:16:35.300+05:30  INFO 6644 --- [QuizApplication_monorepo] [restartedMain] j.LocalContainerEntityManagerFactoryBean : Initialized JPA EntityManagerFactory for persistence unit 'default'
2025-08-09T09:16:36.691+05:30  INFO 6644 --- [QuizApplication_monorepo] [restartedMain] o.s.d.j.r.query.QueryEnhancerFactory     : Hibernate is in classpath; If applicable, HQL parser will be used.
2025-08-09T09:16:38.657+05:30  WARN 6644 --- [QuizApplication_monorepo] [restartedMain] JpaBaseConfiguration$JpaWebConfiguration : spring.jpa.open-in-view is enabled by default. Therefore, database queries may be performed during view rendering. Explicitly configure spring.jpa.open-in-view to disable this warning
2025-08-09T09:16:41.725+05:30  INFO 6644 --- [QuizApplication_monorepo] [restartedMain] o.s.b.d.a.OptionalLiveReloadServer       : LiveReload server is running on port 35729
2025-08-09T09:16:42.183+05:30  INFO 6644 --- [QuizApplication_monorepo] [restartedMain] o.s.b.w.embedded.tomcat.TomcatWebServer  : Tomcat started on port 8080 (http) with context path '/'
2025-08-09T09:16:42.522+05:30  INFO 6644 --- [QuizApplication_monorepo] [restartedMain] c.p.e.QuizApplicationMonorepoApplication : Started QuizApplicationMonorepoApplication in 46.382 seconds (process running for 49.803)
2025-08-09T09:17:31.089+05:30  INFO 6644 --- [QuizApplication_monorepo] [File Watcher] rtingClassPathChangeChangedEventListener : Restarting due to 1 class path change (0 additions, 0 deletions, 1 modification)
2025-08-09T09:17:31.126+05:30  INFO 6644 --- [QuizApplication_monorepo] [Thread-5] j.LocalContainerEntityManagerFactoryBean : Closing JPA EntityManagerFactory for persistence unit 'default'
2025-08-09T09:17:31.137+05:30  INFO 6644 --- [QuizApplication_monorepo] [Thread-5] com.zaxxer.hikari.HikariDataSource       : HikariPool-1 - Shutdown initiated...
2025-08-09T09:17:31.169+05:30  INFO 6644 --- [QuizApplication_monorepo] [Thread-5] com.zaxxer.hikari.HikariDataSource       : HikariPool-1 - Shutdown completed.
2025-08-09T09:17:31.400+05:30  INFO 6644 --- [QuizApplication_monorepo] [restartedMain] c.p.e.QuizApplicationMonorepoApplication : Starting QuizApplicationMonorepoApplication using Java 22.0.2 with PID 6644 (C:\Users\Prajwal\Downloads\Wipro-QuizApplication-Monorepo-main\Wipro-QuizApplication-Monorepo-main\target\classes started by Prajwal in C:\Users\Prajwal\Downloads\Wipro-QuizApplication-Monorepo-main\Wipro-QuizApplication-Monorepo-main)
2025-08-09T09:17:31.402+05:30  INFO 6644 --- [QuizApplication_monorepo] [restartedMain] c.p.e.QuizApplicationMonorepoApplication : No active profile set, falling back to 1 default profile: "default"
2025-08-09T09:17:32.364+05:30  INFO 6644 --- [QuizApplication_monorepo] [restartedMain] .s.d.r.c.RepositoryConfigurationDelegate : Bootstrapping Spring Data JPA repositories in DEFAULT mode.
2025-08-09T09:17:32.565+05:30  INFO 6644 --- [QuizApplication_monorepo] [restartedMain] .s.d.r.c.RepositoryConfigurationDelegate : Finished Spring Data repository scanning in 200 ms. Found 2 JPA repository interfaces.
2025-08-09T09:17:33.967+05:30  INFO 6644 --- [QuizApplication_monorepo] [restartedMain] o.s.b.w.embedded.tomcat.TomcatWebServer  : Tomcat initialized with port 8080 (http)
2025-08-09T09:17:33.990+05:30  INFO 6644 --- [QuizApplication_monorepo] [restartedMain] o.apache.catalina.core.StandardService   : Starting service [Tomcat]
2025-08-09T09:17:33.997+05:30  INFO 6644 --- [QuizApplication_monorepo] [restartedMain] o.apache.catalina.core.StandardEngine    : Starting Servlet engine: [Apache Tomcat/10.1.30]
2025-08-09T09:17:34.120+05:30  INFO 6644 --- [QuizApplication_monorepo] [restartedMain] o.a.c.c.C.[Tomcat].[localhost].[/]       : Initializing Spring embedded WebApplicationContext
2025-08-09T09:17:34.122+05:30  INFO 6644 --- [QuizApplication_monorepo] [restartedMain] w.s.c.ServletWebServerApplicationContext : Root WebApplicationContext: initialization completed in 2703 ms
2025-08-09T09:17:34.326+05:30  INFO 6644 --- [QuizApplication_monorepo] [restartedMain] o.hibernate.jpa.internal.util.LogHelper  : HHH000204: Processing PersistenceUnitInfo [name: default]
2025-08-09T09:17:34.422+05:30  INFO 6644 --- [QuizApplication_monorepo] [restartedMain] o.h.c.internal.RegionFactoryInitiator    : HHH000026: Second-level cache disabled
2025-08-09T09:17:34.559+05:30  INFO 6644 --- [QuizApplication_monorepo] [restartedMain] o.s.o.j.p.SpringPersistenceUnitInfo      : No LoadTimeWeaver setup: ignoring JPA class transformer
2025-08-09T09:17:34.564+05:30  INFO 6644 --- [QuizApplication_monorepo] [restartedMain] com.zaxxer.hikari.HikariDataSource       : HikariPool-2 - Starting...
2025-08-09T09:17:34.798+05:30  INFO 6644 --- [QuizApplication_monorepo] [restartedMain] com.zaxxer.hikari.pool.HikariPool        : HikariPool-2 - Added connection com.mysql.cj.jdbc.ConnectionImpl@4fed10b3
2025-08-09T09:17:34.798+05:30  INFO 6644 --- [QuizApplication_monorepo] [restartedMain] com.zaxxer.hikari.HikariDataSource       : HikariPool-2 - Start completed.
2025-08-09T09:17:34.819+05:30  WARN 6644 --- [QuizApplication_monorepo] [restartedMain] org.hibernate.orm.deprecation            : HHH90000025: MySQLDialect does not need to be specified explicitly using 'hibernate.dialect' (remove the property setting and it will be selected by default)
2025-08-09T09:17:35.078+05:30  INFO 6644 --- [QuizApplication_monorepo] [restartedMain] o.h.e.t.j.p.i.JtaPlatformInitiator       : HHH000489: No JTA platform available (set 'hibernate.transaction.jta.platform' to enable JTA platform integration)
2025-08-09T09:17:36.602+05:30  INFO 6644 --- [QuizApplication_monorepo] [restartedMain] j.LocalContainerEntityManagerFactoryBean : Initialized JPA EntityManagerFactory for persistence unit 'default'
2025-08-09T09:17:37.305+05:30  WARN 6644 --- [QuizApplication_monorepo] [restartedMain] JpaBaseConfiguration$JpaWebConfiguration : spring.jpa.open-in-view is enabled by default. Therefore, database queries may be performed during view rendering. Explicitly configure spring.jpa.open-in-view to disable this warning
2025-08-09T09:17:38.478+05:30  INFO 6644 --- [QuizApplication_monorepo] [restartedMain] o.s.b.d.a.OptionalLiveReloadServer       : LiveReload server is running on port 35729
2025-08-09T09:17:38.516+05:30  INFO 6644 --- [QuizApplication_monorepo] [restartedMain] o.s.b.w.embedded.tomcat.TomcatWebServer  : Tomcat started on port 8080 (http) with context path '/'
2025-08-09T09:17:38.536+05:30  INFO 6644 --- [QuizApplication_monorepo] [restartedMain] c.p.e.QuizApplicationMonorepoApplication : Started QuizApplicationMonorepoApplication in 7.235 seconds (process running for 105.817)
2025-08-09T09:17:38.543+05:30  INFO 6644 --- [QuizApplication_monorepo] [restartedMain] .ConditionEvaluationDeltaLoggingListener : Condition evaluation unchanged
2025-08-09T09:17:39.928+05:30  INFO 6644 --- [QuizApplication_monorepo] [File Watcher] rtingClassPathChangeChangedEventListener : Restarting due to 1 class path change (0 additions, 0 deletions, 1 modification)
2025-08-09T09:17:39.962+05:30  INFO 6644 --- [QuizApplication_monorepo] [Thread-7] j.LocalContainerEntityManagerFactoryBean : Closing JPA EntityManagerFactory for persistence unit 'default'
2025-08-09T09:17:39.964+05:30  INFO 6644 --- [QuizApplication_monorepo] [Thread-7] com.zaxxer.hikari.HikariDataSource       : HikariPool-2 - Shutdown initiated...
2025-08-09T09:17:40.003+05:30  INFO 6644 --- [QuizApplication_monorepo] [Thread-7] com.zaxxer.hikari.HikariDataSource       : HikariPool-2 - Shutdown completed.
2025-08-09T09:17:40.207+05:30  INFO 6644 --- [QuizApplication_monorepo] [restartedMain] c.p.e.QuizApplicationMonorepoApplication : Starting QuizApplicationMonorepoApplication using Java 22.0.2 with PID 6644 (C:\Users\Prajwal\Downloads\Wipro-QuizApplication-Monorepo-main\Wipro-QuizApplication-Monorepo-main\target\classes started by Prajwal in C:\Users\Prajwal\Downloads\Wipro-QuizApplication-Monorepo-main\Wipro-QuizApplication-Monorepo-main)
2025-08-09T09:17:40.208+05:30  INFO 6644 --- [QuizApplication_monorepo] [restartedMain] c.p.e.QuizApplicationMonorepoApplication : No active profile set, falling back to 1 default profile: "default"
2025-08-09T09:17:41.442+05:30  INFO 6644 --- [QuizApplication_monorepo] [restartedMain] .s.d.r.c.RepositoryConfigurationDelegate : Bootstrapping Spring Data JPA repositories in DEFAULT mode.
2025-08-09T09:17:41.619+05:30  INFO 6644 --- [QuizApplication_monorepo] [restartedMain] .s.d.r.c.RepositoryConfigurationDelegate : Finished Spring Data repository scanning in 174 ms. Found 2 JPA repository interfaces.
2025-08-09T09:17:42.018+05:30  INFO 6644 --- [QuizApplication_monorepo] [restartedMain] o.s.b.w.embedded.tomcat.TomcatWebServer  : Tomcat initialized with port 8080 (http)
2025-08-09T09:17:42.023+05:30  INFO 6644 --- [QuizApplication_monorepo] [restartedMain] o.apache.catalina.core.StandardService   : Starting service [Tomcat]
2025-08-09T09:17:42.028+05:30  INFO 6644 --- [QuizApplication_monorepo] [restartedMain] o.apache.catalina.core.StandardEngine    : Starting Servlet engine: [Apache Tomcat/10.1.30]
2025-08-09T09:17:42.107+05:30  INFO 6644 --- [QuizApplication_monorepo] [restartedMain] o.a.c.c.C.[Tomcat].[localhost].[/]       : Initializing Spring embedded WebApplicationContext
2025-08-09T09:17:42.108+05:30  INFO 6644 --- [QuizApplication_monorepo] [restartedMain] w.s.c.ServletWebServerApplicationContext : Root WebApplicationContext: initialization completed in 1890 ms
2025-08-09T09:17:42.277+05:30  INFO 6644 --- [QuizApplication_monorepo] [restartedMain] o.hibernate.jpa.internal.util.LogHelper  : HHH000204: Processing PersistenceUnitInfo [name: default]
2025-08-09T09:17:42.286+05:30  INFO 6644 --- [QuizApplication_monorepo] [restartedMain] o.h.c.internal.RegionFactoryInitiator    : HHH000026: Second-level cache disabled
2025-08-09T09:17:42.387+05:30  INFO 6644 --- [QuizApplication_monorepo] [restartedMain] o.s.o.j.p.SpringPersistenceUnitInfo      : No LoadTimeWeaver setup: ignoring JPA class transformer
2025-08-09T09:17:42.389+05:30  INFO 6644 --- [QuizApplication_monorepo] [restartedMain] com.zaxxer.hikari.HikariDataSource       : HikariPool-3 - Starting...
2025-08-09T09:17:42.451+05:30  INFO 6644 --- [QuizApplication_monorepo] [restartedMain] com.zaxxer.hikari.pool.HikariPool        : HikariPool-3 - Added connection com.mysql.cj.jdbc.ConnectionImpl@1c4f622
2025-08-09T09:17:42.451+05:30  INFO 6644 --- [QuizApplication_monorepo] [restartedMain] com.zaxxer.hikari.HikariDataSource       : HikariPool-3 - Start completed.
2025-08-09T09:17:42.463+05:30  WARN 6644 --- [QuizApplication_monorepo] [restartedMain] org.hibernate.orm.deprecation            : HHH90000025: MySQLDialect does not need to be specified explicitly using 'hibernate.dialect' (remove the property setting and it will be selected by default)
2025-08-09T09:17:42.800+05:30  INFO 6644 --- [QuizApplication_monorepo] [restartedMain] o.h.e.t.j.p.i.JtaPlatformInitiator       : HHH000489: No JTA platform available (set 'hibernate.transaction.jta.platform' to enable JTA platform integration)
2025-08-09T09:17:44.047+05:30  INFO 6644 --- [QuizApplication_monorepo] [restartedMain] j.LocalContainerEntityManagerFactoryBean : Initialized JPA EntityManagerFactory for persistence unit 'default'
2025-08-09T09:17:44.596+05:30  WARN 6644 --- [QuizApplication_monorepo] [restartedMain] JpaBaseConfiguration$JpaWebConfiguration : spring.jpa.open-in-view is enabled by default. Therefore, database queries may be performed during view rendering. Explicitly configure spring.jpa.open-in-view to disable this warning
2025-08-09T09:17:45.838+05:30  INFO 6644 --- [QuizApplication_monorepo] [restartedMain] o.s.b.d.a.OptionalLiveReloadServer       : LiveReload server is running on port 35729
2025-08-09T09:17:45.934+05:30  INFO 6644 --- [QuizApplication_monorepo] [restartedMain] o.s.b.w.embedded.tomcat.TomcatWebServer  : Tomcat started on port 8080 (http) with context path '/'
2025-08-09T09:17:45.969+05:30  INFO 6644 --- [QuizApplication_monorepo] [restartedMain] c.p.e.QuizApplicationMonorepoApplication : Started QuizApplicationMonorepoApplication in 5.848 seconds (process running for 113.25)
2025-08-09T09:17:45.992+05:30  INFO 6644 --- [QuizApplication_monorepo] [restartedMain] .ConditionEvaluationDeltaLoggingListener : Condition evaluation unchanged
2025-08-09T09:17:46.174+05:30  INFO 6644 --- [QuizApplication_monorepo] [http-nio-8080-exec-1] o.a.c.c.C.[Tomcat].[localhost].[/]       : Initializing Spring DispatcherServlet 'dispatcherServlet'
2025-08-09T09:17:46.175+05:30  INFO 6644 --- [QuizApplication_monorepo] [http-nio-8080-exec-1] o.s.web.servlet.DispatcherServlet        : Initializing Servlet 'dispatcherServlet'
2025-08-09T09:17:46.179+05:30  INFO 6644 --- [QuizApplication_monorepo] [http-nio-8080-exec-1] o.s.web.servlet.DispatcherServlet        : Completed initialization in 2 ms
2025-08-09T09:17:46.401+05:30  WARN 6644 --- [QuizApplication_monorepo] [http-nio-8080-exec-1] .m.m.a.ExceptionHandlerExceptionResolver : Resolved [org.springframework.web.servlet.resource.NoResourceFoundException: No static resource .]
2025-08-09T09:17:54.388+05:30  INFO 6644 --- [QuizApplication_monorepo] [http-nio-8080-exec-10] o.springdoc.api.AbstractOpenApiResource  : Init duration for springdoc-openapi is: 1467 ms
2025-08-09T09:20:22.203+05:30  WARN 6644 --- [QuizApplication_monorepo] [http-nio-8080-exec-4] .m.m.a.ExceptionHandlerExceptionResolver : Resolved [jakarta.servlet.ServletException: Handler dispatch failed: java.lang.Error: Unresolved compilation problems: <EOL>?Syntax error, insert "VariableDeclarators" to complete LocalVariableDeclaration<EOL>?Syntax error, insert ";" to complete BlockStatements<EOL>?y cannot be resolved<EOL>]
2025-08-09T09:26:49.337+05:30  INFO 6644 --- [QuizApplication_monorepo] [File Watcher] rtingClassPathChangeChangedEventListener : Restarting due to 1 class path change (0 additions, 0 deletions, 1 modification)
2025-08-09T09:26:49.637+05:30  INFO 6644 --- [QuizApplication_monorepo] [Thread-11] j.LocalContainerEntityManagerFactoryBean : Closing JPA EntityManagerFactory for persistence unit 'default'
2025-08-09T09:26:49.651+05:30  INFO 6644 --- [QuizApplication_monorepo] [Thread-11] com.zaxxer.hikari.HikariDataSource       : HikariPool-3 - Shutdown initiated...
2025-08-09T09:26:49.945+05:30  INFO 6644 --- [QuizApplication_monorepo] [Thread-11] com.zaxxer.hikari.HikariDataSource       : HikariPool-3 - Shutdown completed.
2025-08-09T09:26:50.567+05:30  INFO 6644 --- [QuizApplication_monorepo] [restartedMain] c.p.e.QuizApplicationMonorepoApplication : Starting QuizApplicationMonorepoApplication using Java 22.0.2 with PID 6644 (C:\Users\Prajwal\Downloads\Wipro-QuizApplication-Monorepo-main\Wipro-QuizApplication-Monorepo-main\target\classes started by Prajwal in C:\Users\Prajwal\Downloads\Wipro-QuizApplication-Monorepo-main\Wipro-QuizApplication-Monorepo-main)
2025-08-09T09:26:50.569+05:30  INFO 6644 --- [QuizApplication_monorepo] [restartedMain] c.p.e.QuizApplicationMonorepoApplication : No active profile set, falling back to 1 default profile: "default"
2025-08-09T09:26:52.073+05:30  INFO 6644 --- [QuizApplication_monorepo] [restartedMain] .s.d.r.c.RepositoryConfigurationDelegate : Bootstrapping Spring Data JPA repositories in DEFAULT mode.
2025-08-09T09:26:52.106+05:30  INFO 6644 --- [QuizApplication_monorepo] [restartedMain] .s.d.r.c.RepositoryConfigurationDelegate : Finished Spring Data repository scanning in 32 ms. Found 2 JPA repository interfaces.
2025-08-09T09:26:52.891+05:30  INFO 6644 --- [QuizApplication_monorepo] [restartedMain] o.s.b.w.embedded.tomcat.TomcatWebServer  : Tomcat initialized with port 8080 (http)
2025-08-09T09:26:52.893+05:30  INFO 6644 --- [QuizApplication_monorepo] [restartedMain] o.apache.catalina.core.StandardService   : Starting service [Tomcat]
2025-08-09T09:26:52.893+05:30  INFO 6644 --- [QuizApplication_monorepo] [restartedMain] o.apache.catalina.core.StandardEngine    : Starting Servlet engine: [Apache Tomcat/10.1.30]
2025-08-09T09:26:52.938+05:30  INFO 6644 --- [QuizApplication_monorepo] [restartedMain] o.a.c.c.C.[Tomcat].[localhost].[/]       : Initializing Spring embedded WebApplicationContext
2025-08-09T09:26:52.938+05:30  INFO 6644 --- [QuizApplication_monorepo] [restartedMain] w.s.c.ServletWebServerApplicationContext : Root WebApplicationContext: initialization completed in 2345 ms
2025-08-09T09:26:53.055+05:30  INFO 6644 --- [QuizApplication_monorepo] [restartedMain] o.hibernate.jpa.internal.util.LogHelper  : HHH000204: Processing PersistenceUnitInfo [name: default]
2025-08-09T09:26:53.077+05:30  INFO 6644 --- [QuizApplication_monorepo] [restartedMain] o.h.c.internal.RegionFactoryInitiator    : HHH000026: Second-level cache disabled
2025-08-09T09:26:53.119+05:30  INFO 6644 --- [QuizApplication_monorepo] [restartedMain] o.s.o.j.p.SpringPersistenceUnitInfo      : No LoadTimeWeaver setup: ignoring JPA class transformer
2025-08-09T09:26:53.126+05:30  INFO 6644 --- [QuizApplication_monorepo] [restartedMain] com.zaxxer.hikari.HikariDataSource       : HikariPool-4 - Starting...
2025-08-09T09:26:53.346+05:30  INFO 6644 --- [QuizApplication_monorepo] [restartedMain] com.zaxxer.hikari.pool.HikariPool        : HikariPool-4 - Added connection com.mysql.cj.jdbc.ConnectionImpl@7246d9f1
2025-08-09T09:26:53.346+05:30  INFO 6644 --- [QuizApplication_monorepo] [restartedMain] com.zaxxer.hikari.HikariDataSource       : HikariPool-4 - Start completed.
2025-08-09T09:26:53.348+05:30  WARN 6644 --- [QuizApplication_monorepo] [restartedMain] org.hibernate.orm.deprecation            : HHH90000025: MySQLDialect does not need to be specified explicitly using 'hibernate.dialect' (remove the property setting and it will be selected by default)
2025-08-09T09:26:53.544+05:30  INFO 6644 --- [QuizApplication_monorepo] [restartedMain] o.h.e.t.j.p.i.JtaPlatformInitiator       : HHH000489: No JTA platform available (set 'hibernate.transaction.jta.platform' to enable JTA platform integration)
2025-08-09T09:26:54.426+05:30  INFO 6644 --- [QuizApplication_monorepo] [restartedMain] j.LocalContainerEntityManagerFactoryBean : Initialized JPA EntityManagerFactory for persistence unit 'default'
2025-08-09T09:26:54.684+05:30  WARN 6644 --- [QuizApplication_monorepo] [restartedMain] JpaBaseConfiguration$JpaWebConfiguration : spring.jpa.open-in-view is enabled by default. Therefore, database queries may be performed during view rendering. Explicitly configure spring.jpa.open-in-view to disable this warning
2025-08-09T09:26:55.092+05:30  INFO 6644 --- [QuizApplication_monorepo] [restartedMain] o.s.b.d.a.OptionalLiveReloadServer       : LiveReload server is running on port 35729
2025-08-09T09:26:55.161+05:30  INFO 6644 --- [QuizApplication_monorepo] [restartedMain] o.s.b.w.embedded.tomcat.TomcatWebServer  : Tomcat started on port 8080 (http) with context path '/'
2025-08-09T09:26:55.198+05:30  INFO 6644 --- [QuizApplication_monorepo] [restartedMain] c.p.e.QuizApplicationMonorepoApplication : Started QuizApplicationMonorepoApplication in 4.97 seconds (process running for 662.478)
2025-08-09T09:26:55.200+05:30  INFO 6644 --- [QuizApplication_monorepo] [restartedMain] .ConditionEvaluationDeltaLoggingListener : Condition evaluation unchanged
2025-08-09T09:27:11.564+05:30  INFO 6644 --- [QuizApplication_monorepo] [http-nio-8080-exec-2] o.a.c.c.C.[Tomcat].[localhost].[/]       : Initializing Spring DispatcherServlet 'dispatcherServlet'
2025-08-09T09:27:11.564+05:30  INFO 6644 --- [QuizApplication_monorepo] [http-nio-8080-exec-2] o.s.web.servlet.DispatcherServlet        : Initializing Servlet 'dispatcherServlet'
2025-08-09T09:27:11.568+05:30  INFO 6644 --- [QuizApplication_monorepo] [http-nio-8080-exec-2] o.s.web.servlet.DispatcherServlet        : Completed initialization in 1 ms
2025-08-09T09:27:11.579+05:30  INFO 6644 --- [QuizApplication_monorepo] [http-nio-8080-exec-2] c.p.example.service.QuestionService      : Attempting to delete question with ID: 32
2025-08-09T09:27:11.924+05:30  INFO 6644 --- [QuizApplication_monorepo] [http-nio-8080-exec-2] c.p.example.service.QuestionService      : ✅ Successfully deleted question with ID: 32
2025-08-09T09:27:23.085+05:30  INFO 6644 --- [QuizApplication_monorepo] [http-nio-8080-exec-3] c.p.example.service.QuestionService      : Fetching questions for category: JAVA
2025-08-09T09:31:03.234+05:30  WARN 6644 --- [QuizApplication_monorepo] [http-nio-8080-exec-6] .m.m.a.ExceptionHandlerExceptionResolver : Resolved [jakarta.servlet.ServletException: Handler dispatch failed: java.lang.Error: Unresolved compilation problems: <EOL>?Syntax error, insert "VariableDeclarators" to complete LocalVariableDeclaration<EOL>?Syntax error, insert ";" to complete BlockStatements<EOL>?y cannot be resolved<EOL>]
2025-08-09T09:31:06.533+05:30  WARN 6644 --- [QuizApplication_monorepo] [http-nio-8080-exec-7] .m.m.a.ExceptionHandlerExceptionResolver : Resolved [jakarta.servlet.ServletException: Handler dispatch failed: java.lang.Error: Unresolved compilation problems: <EOL>?Syntax error, insert "VariableDeclarators" to complete LocalVariableDeclaration<EOL>?Syntax error, insert ";" to complete BlockStatements<EOL>?y cannot be resolved<EOL>]
2025-08-09T09:32:15.834+05:30  WARN 6644 --- [QuizApplication_monorepo] [http-nio-8080-exec-8] .m.m.a.ExceptionHandlerExceptionResolver : Resolved [org.springframework.web.servlet.resource.NoResourceFoundException: No static resource v3/api-docs.]
2025-08-09T09:32:16.460+05:30  WARN 6644 --- [QuizApplication_monorepo] [http-nio-8080-exec-10] .m.m.a.ExceptionHandlerExceptionResolver : Resolved [org.springframework.web.servlet.resource.NoResourceFoundException: No static resource favicon.ico.]
2025-08-09T09:35:01.201+05:30  INFO 6644 --- [QuizApplication_monorepo] [http-nio-8080-exec-5] o.springdoc.api.AbstractOpenApiResource  : Init duration for springdoc-openapi is: 677 ms
2025-08-09T09:35:01.743+05:30  WARN 6644 --- [QuizApplication_monorepo] [http-nio-8080-exec-2] .m.m.a.ExceptionHandlerExceptionResolver : Resolved [org.springframework.web.servlet.resource.NoResourceFoundException: No static resource favicon.ico.]
